********************************************************************************
* Unified simulation Tcl App stack trace dump
*
* File: .usf.tcl_error.log (Sun Jul 14 00:51:57 2024)
*
* This file is generated by the unified simulation automation and contains the
* tcl stack trace of error returned by the simulator App for the current run.
*
********************************************************************************

    while executing
"get_property "sim.ipstatic.source_dir"           $a_sim_vars(curr_proj)"
    (procedure "xcs_set_common_vars" line 60)
    invoked from within
"xcs_set_common_vars a_sim_vars a_sim_mode_types"
    (procedure "usf_init_vars" line 12)
    invoked from within
"usf_init_vars"
    (procedure "tclapp::xilinx::xsim::setup" line 13)
    invoked from within
"tclapp::xilinx::xsim::setup { -simset sim_1 -mode post-synthesis -type functional -run_dir C:/Users/vele/Desktop/Workspace/Project_FPGA/unicorn_jig/pr..."
