INFO: [VRFC 10-2263] Analyzing Verilog file "C:/Users/vele/Desktop/Workspace/Project_FPGA/unicorn_jig/project/project.sim/sim_1/synth/func/xsim/top_tb_func_synth.v" into library xil_defaultlib
INFO: [VRFC 10-311] analyzing module dbg_hub_CV
INFO: [VRFC 10-311] analyzing module clock_enable_generator
INFO: [VRFC 10-311] analyzing module i_user_encoder
INFO: [VRFC 10-311] analyzing module ila_user_encoder
INFO: [VRFC 10-311] analyzing module ila_user_leds
INFO: [VRFC 10-311] analyzing module io_user_leds
INFO: [VRFC 10-311] analyzing module pwm_controller
INFO: [VRFC 10-311] analyzing module pwm_controller_0
INFO: [VRFC 10-311] analyzing module pwm_controller_1
INFO: [VRFC 10-311] analyzing module pwm_controller_10
INFO: [VRFC 10-311] analyzing module pwm_controller_2
INFO: [VRFC 10-311] analyzing module pwm_controller_3
INFO: [VRFC 10-311] analyzing module pwm_controller_4
INFO: [VRFC 10-311] analyzing module pwm_controller_5
INFO: [VRFC 10-311] analyzing module pwm_controller_6
INFO: [VRFC 10-311] analyzing module pwm_controller_7
INFO: [VRFC 10-311] analyzing module pwm_controller_8
INFO: [VRFC 10-311] analyzing module pwm_controller_9
INFO: [VRFC 10-311] analyzing module rainbow_controller
INFO: [VRFC 10-311] analyzing module top
INFO: [VRFC 10-311] analyzing module vio_user_encoder
INFO: [VRFC 10-311] analyzing module vio_user_leds
INFO: [VRFC 10-311] analyzing module ila_user_encoder_ila_v6_2_12_ila
INFO: [VRFC 10-311] analyzing module ila_user_encoder_ila_v6_2_12_ila_cap_addrgen
INFO: [VRFC 10-311] analyzing module ila_user_encoder_ila_v6_2_12_ila_cap_ctrl_legacy
INFO: [VRFC 10-311] analyzing module ila_user_encoder_ila_v6_2_12_ila_cap_sample_counter
INFO: [VRFC 10-311] analyzing module ila_user_encoder_ila_v6_2_12_ila_cap_window_counter
INFO: [VRFC 10-311] analyzing module ila_user_encoder_ila_v6_2_12_ila_core
INFO: [VRFC 10-311] analyzing module ila_user_encoder_ila_v6_2_12_ila_register
INFO: [VRFC 10-311] analyzing module ila_user_encoder_ila_v6_2_12_ila_reset_ctrl
INFO: [VRFC 10-311] analyzing module ila_user_encoder_ila_v6_2_12_ila_trace_memory
INFO: [VRFC 10-311] analyzing module ila_user_encoder_ila_v6_2_12_ila_trig_match
INFO: [VRFC 10-311] analyzing module ila_user_encoder_ila_v6_2_12_ila_trigger
INFO: [VRFC 10-311] analyzing module ila_user_encoder_ltlib_v1_0_0_all_typeA
INFO: [VRFC 10-311] analyzing module ila_user_encoder_ltlib_v1_0_0_all_typeA_11
INFO: [VRFC 10-311] analyzing module ila_user_encoder_ltlib_v1_0_0_all_typeA_13
INFO: [VRFC 10-311] analyzing module ila_user_encoder_ltlib_v1_0_0_all_typeA_5
INFO: [VRFC 10-311] analyzing module ila_user_encoder_ltlib_v1_0_0_all_typeA_8
INFO: [VRFC 10-311] analyzing module ila_user_encoder_ltlib_v1_0_0_all_typeA__parameterized0
INFO: [VRFC 10-311] analyzing module ila_user_encoder_ltlib_v1_0_0_all_typeA__parameterized1
INFO: [VRFC 10-311] analyzing module ila_user_encoder_ltlib_v1_0_0_all_typeA__parameterized1_40
INFO: [VRFC 10-311] analyzing module ila_user_encoder_ltlib_v1_0_0_all_typeA__parameterized1_48
INFO: [VRFC 10-311] analyzing module ila_user_encoder_ltlib_v1_0_0_all_typeA_slice
INFO: [VRFC 10-311] analyzing module ila_user_encoder_ltlib_v1_0_0_all_typeA_slice_12
INFO: [VRFC 10-311] analyzing module ila_user_encoder_ltlib_v1_0_0_all_typeA_slice_14
INFO: [VRFC 10-311] analyzing module ila_user_encoder_ltlib_v1_0_0_all_typeA_slice_4
INFO: [VRFC 10-311] analyzing module ila_user_encoder_ltlib_v1_0_0_all_typeA_slice_6
INFO: [VRFC 10-311] analyzing module ila_user_encoder_ltlib_v1_0_0_all_typeA_slice_9
INFO: [VRFC 10-311] analyzing module ila_user_encoder_ltlib_v1_0_0_all_typeA_slice__parameterized0
INFO: [VRFC 10-311] analyzing module ila_user_encoder_ltlib_v1_0_0_all_typeA_slice__parameterized0_2
INFO: [VRFC 10-311] analyzing module ila_user_encoder_ltlib_v1_0_0_all_typeA_slice__parameterized0_3
INFO: [VRFC 10-311] analyzing module ila_user_encoder_ltlib_v1_0_0_all_typeA_slice__parameterized1
INFO: [VRFC 10-311] analyzing module ila_user_encoder_ltlib_v1_0_0_all_typeA_slice__parameterized1_41
INFO: [VRFC 10-311] analyzing module ila_user_encoder_ltlib_v1_0_0_all_typeA_slice__parameterized1_49
INFO: [VRFC 10-311] analyzing module ila_user_encoder_ltlib_v1_0_0_all_typeA_slice__parameterized2
INFO: [VRFC 10-311] analyzing module ila_user_encoder_ltlib_v1_0_0_all_typeA_slice__parameterized2_42
INFO: [VRFC 10-311] analyzing module ila_user_encoder_ltlib_v1_0_0_all_typeA_slice__parameterized2_50
INFO: [VRFC 10-311] analyzing module ila_user_encoder_ltlib_v1_0_0_allx_typeA
INFO: [VRFC 10-311] analyzing module ila_user_encoder_ltlib_v1_0_0_allx_typeA__parameterized0
INFO: [VRFC 10-311] analyzing module ila_user_encoder_ltlib_v1_0_0_allx_typeA__parameterized0_10
INFO: [VRFC 10-311] analyzing module ila_user_encoder_ltlib_v1_0_0_allx_typeA__parameterized0_7
INFO: [VRFC 10-311] analyzing module ila_user_encoder_ltlib_v1_0_0_allx_typeA__parameterized1
INFO: [VRFC 10-311] analyzing module ila_user_encoder_ltlib_v1_0_0_allx_typeA__parameterized2
INFO: [VRFC 10-311] analyzing module ila_user_encoder_ltlib_v1_0_0_allx_typeA_nodelay
INFO: [VRFC 10-311] analyzing module ila_user_encoder_ltlib_v1_0_0_allx_typeA_nodelay_39
INFO: [VRFC 10-311] analyzing module ila_user_encoder_ltlib_v1_0_0_allx_typeA_nodelay_47
INFO: [VRFC 10-311] analyzing module ila_user_encoder_ltlib_v1_0_0_async_edge_xfer
INFO: [VRFC 10-311] analyzing module ila_user_encoder_ltlib_v1_0_0_async_edge_xfer_15
INFO: [VRFC 10-311] analyzing module ila_user_encoder_ltlib_v1_0_0_async_edge_xfer_16
INFO: [VRFC 10-311] analyzing module ila_user_encoder_ltlib_v1_0_0_async_edge_xfer_17
INFO: [VRFC 10-311] analyzing module ila_user_encoder_ltlib_v1_0_0_cfglut4
INFO: [VRFC 10-311] analyzing module ila_user_encoder_ltlib_v1_0_0_cfglut4_43
INFO: [VRFC 10-311] analyzing module ila_user_encoder_ltlib_v1_0_0_cfglut5
INFO: [VRFC 10-311] analyzing module ila_user_encoder_ltlib_v1_0_0_cfglut5_37
INFO: [VRFC 10-311] analyzing module ila_user_encoder_ltlib_v1_0_0_cfglut5_44
INFO: [VRFC 10-311] analyzing module ila_user_encoder_ltlib_v1_0_0_cfglut6
INFO: [VRFC 10-311] analyzing module ila_user_encoder_ltlib_v1_0_0_cfglut6_45
INFO: [VRFC 10-311] analyzing module ila_user_encoder_ltlib_v1_0_0_cfglut6__parameterized0
INFO: [VRFC 10-311] analyzing module ila_user_encoder_ltlib_v1_0_0_cfglut7
INFO: [VRFC 10-311] analyzing module ila_user_encoder_ltlib_v1_0_0_cfglut7_36
INFO: [VRFC 10-311] analyzing module ila_user_encoder_ltlib_v1_0_0_generic_memrd
INFO: [VRFC 10-311] analyzing module ila_user_encoder_ltlib_v1_0_0_match
INFO: [VRFC 10-311] analyzing module ila_user_encoder_ltlib_v1_0_0_match__parameterized0
INFO: [VRFC 10-311] analyzing module ila_user_encoder_ltlib_v1_0_0_match__parameterized0_0
INFO: [VRFC 10-311] analyzing module ila_user_encoder_ltlib_v1_0_0_match__parameterized0_1
INFO: [VRFC 10-311] analyzing module ila_user_encoder_ltlib_v1_0_0_match__parameterized1
INFO: [VRFC 10-311] analyzing module ila_user_encoder_ltlib_v1_0_0_match__parameterized2
INFO: [VRFC 10-311] analyzing module ila_user_encoder_ltlib_v1_0_0_match_nodelay
INFO: [VRFC 10-311] analyzing module ila_user_encoder_ltlib_v1_0_0_match_nodelay_38
INFO: [VRFC 10-311] analyzing module ila_user_encoder_ltlib_v1_0_0_match_nodelay_46
INFO: [VRFC 10-311] analyzing module ila_user_encoder_ltlib_v1_0_0_rising_edge_detection
INFO: [VRFC 10-311] analyzing module ila_user_encoder_ltlib_v1_0_0_rising_edge_detection_18
INFO: [VRFC 10-311] analyzing module ila_user_encoder_xsdbs_v1_0_2_reg__parameterized19
INFO: [VRFC 10-311] analyzing module ila_user_encoder_xsdbs_v1_0_2_reg__parameterized20
INFO: [VRFC 10-311] analyzing module ila_user_encoder_xsdbs_v1_0_2_reg__parameterized21
INFO: [VRFC 10-311] analyzing module ila_user_encoder_xsdbs_v1_0_2_reg__parameterized22
INFO: [VRFC 10-311] analyzing module ila_user_encoder_xsdbs_v1_0_2_reg__parameterized34
INFO: [VRFC 10-311] analyzing module ila_user_encoder_xsdbs_v1_0_2_reg__parameterized35
INFO: [VRFC 10-311] analyzing module ila_user_encoder_xsdbs_v1_0_2_reg__parameterized36
INFO: [VRFC 10-311] analyzing module ila_user_encoder_xsdbs_v1_0_2_reg__parameterized37
INFO: [VRFC 10-311] analyzing module ila_user_encoder_xsdbs_v1_0_2_reg__parameterized38
INFO: [VRFC 10-311] analyzing module ila_user_encoder_xsdbs_v1_0_2_reg__parameterized39
INFO: [VRFC 10-311] analyzing module ila_user_encoder_xsdbs_v1_0_2_reg__parameterized40
INFO: [VRFC 10-311] analyzing module ila_user_encoder_xsdbs_v1_0_2_reg__parameterized41
INFO: [VRFC 10-311] analyzing module ila_user_encoder_xsdbs_v1_0_2_reg__parameterized42
INFO: [VRFC 10-311] analyzing module ila_user_encoder_xsdbs_v1_0_2_reg__parameterized43
INFO: [VRFC 10-311] analyzing module ila_user_encoder_xsdbs_v1_0_2_reg__parameterized44
INFO: [VRFC 10-311] analyzing module ila_user_encoder_xsdbs_v1_0_2_reg__parameterized45
INFO: [VRFC 10-311] analyzing module ila_user_encoder_xsdbs_v1_0_2_reg__parameterized47
INFO: [VRFC 10-311] analyzing module ila_user_encoder_xsdbs_v1_0_2_reg__parameterized49
INFO: [VRFC 10-311] analyzing module ila_user_encoder_xsdbs_v1_0_2_reg__parameterized52
INFO: [VRFC 10-311] analyzing module ila_user_encoder_xsdbs_v1_0_2_reg_ctl
INFO: [VRFC 10-311] analyzing module ila_user_encoder_xsdbs_v1_0_2_reg_ctl_22
INFO: [VRFC 10-311] analyzing module ila_user_encoder_xsdbs_v1_0_2_reg_ctl_23
INFO: [VRFC 10-311] analyzing module ila_user_encoder_xsdbs_v1_0_2_reg_ctl_24
INFO: [VRFC 10-311] analyzing module ila_user_encoder_xsdbs_v1_0_2_reg_ctl_25
INFO: [VRFC 10-311] analyzing module ila_user_encoder_xsdbs_v1_0_2_reg_ctl_28
INFO: [VRFC 10-311] analyzing module ila_user_encoder_xsdbs_v1_0_2_reg_ctl_30
INFO: [VRFC 10-311] analyzing module ila_user_encoder_xsdbs_v1_0_2_reg_ctl_31
INFO: [VRFC 10-311] analyzing module ila_user_encoder_xsdbs_v1_0_2_reg_ctl_32
INFO: [VRFC 10-311] analyzing module ila_user_encoder_xsdbs_v1_0_2_reg_ctl_33
INFO: [VRFC 10-311] analyzing module ila_user_encoder_xsdbs_v1_0_2_reg_ctl_34
INFO: [VRFC 10-311] analyzing module ila_user_encoder_xsdbs_v1_0_2_reg_ctl__parameterized0
INFO: [VRFC 10-311] analyzing module ila_user_encoder_xsdbs_v1_0_2_reg_ctl__parameterized1
INFO: [VRFC 10-311] analyzing module ila_user_encoder_xsdbs_v1_0_2_reg_ctl__parameterized1_26
INFO: [VRFC 10-311] analyzing module ila_user_encoder_xsdbs_v1_0_2_reg_ctl__parameterized1_29
INFO: [VRFC 10-311] analyzing module ila_user_encoder_xsdbs_v1_0_2_reg_p2s
INFO: [VRFC 10-311] analyzing module ila_user_encoder_xsdbs_v1_0_2_reg_p2s__parameterized0
INFO: [VRFC 10-311] analyzing module ila_user_encoder_xsdbs_v1_0_2_reg_p2s__parameterized1
INFO: [VRFC 10-311] analyzing module ila_user_encoder_xsdbs_v1_0_2_reg_p2s__parameterized2
INFO: [VRFC 10-311] analyzing module ila_user_encoder_xsdbs_v1_0_2_reg_p2s__parameterized3
INFO: [VRFC 10-311] analyzing module ila_user_encoder_xsdbs_v1_0_2_reg_p2s__parameterized4
INFO: [VRFC 10-311] analyzing module ila_user_encoder_xsdbs_v1_0_2_reg_p2s__parameterized5
INFO: [VRFC 10-311] analyzing module ila_user_encoder_xsdbs_v1_0_2_reg_stat
INFO: [VRFC 10-311] analyzing module ila_user_encoder_xsdbs_v1_0_2_reg_stat_19
INFO: [VRFC 10-311] analyzing module ila_user_encoder_xsdbs_v1_0_2_reg_stat_20
INFO: [VRFC 10-311] analyzing module ila_user_encoder_xsdbs_v1_0_2_reg_stat_21
INFO: [VRFC 10-311] analyzing module ila_user_encoder_xsdbs_v1_0_2_reg_stat_27
INFO: [VRFC 10-311] analyzing module ila_user_encoder_xsdbs_v1_0_2_reg_stat_35
INFO: [VRFC 10-311] analyzing module ila_user_encoder_xsdbs_v1_0_2_reg_stream
INFO: [VRFC 10-311] analyzing module ila_user_encoder_xsdbs_v1_0_2_reg_stream__parameterized0
INFO: [VRFC 10-311] analyzing module ila_user_encoder_xsdbs_v1_0_2_xsdbs
INFO: [VRFC 10-311] analyzing module ila_user_leds_ila_v6_2_12_ila
INFO: [VRFC 10-311] analyzing module ila_user_leds_ila_v6_2_12_ila_cap_addrgen
INFO: [VRFC 10-311] analyzing module ila_user_leds_ila_v6_2_12_ila_cap_ctrl_legacy
INFO: [VRFC 10-311] analyzing module ila_user_leds_ila_v6_2_12_ila_cap_sample_counter
INFO: [VRFC 10-311] analyzing module ila_user_leds_ila_v6_2_12_ila_cap_window_counter
INFO: [VRFC 10-311] analyzing module ila_user_leds_ila_v6_2_12_ila_core
INFO: [VRFC 10-311] analyzing module ila_user_leds_ila_v6_2_12_ila_register
INFO: [VRFC 10-311] analyzing module ila_user_leds_ila_v6_2_12_ila_reset_ctrl
INFO: [VRFC 10-311] analyzing module ila_user_leds_ila_v6_2_12_ila_trace_memory
INFO: [VRFC 10-311] analyzing module ila_user_leds_ila_v6_2_12_ila_trig_match
INFO: [VRFC 10-311] analyzing module ila_user_leds_ila_v6_2_12_ila_trigger
INFO: [VRFC 10-311] analyzing module ila_user_leds_ltlib_v1_0_0_all_typeA
INFO: [VRFC 10-311] analyzing module ila_user_leds_ltlib_v1_0_0_all_typeA__parameterized0
INFO: [VRFC 10-311] analyzing module ila_user_leds_ltlib_v1_0_0_all_typeA__parameterized0_12
INFO: [VRFC 10-311] analyzing module ila_user_leds_ltlib_v1_0_0_all_typeA__parameterized0_15
INFO: [VRFC 10-311] analyzing module ila_user_leds_ltlib_v1_0_0_all_typeA__parameterized0_18
INFO: [VRFC 10-311] analyzing module ila_user_leds_ltlib_v1_0_0_all_typeA__parameterized0_21
INFO: [VRFC 10-311] analyzing module ila_user_leds_ltlib_v1_0_0_all_typeA__parameterized0_24
INFO: [VRFC 10-311] analyzing module ila_user_leds_ltlib_v1_0_0_all_typeA__parameterized0_27
INFO: [VRFC 10-311] analyzing module ila_user_leds_ltlib_v1_0_0_all_typeA__parameterized0_30
INFO: [VRFC 10-311] analyzing module ila_user_leds_ltlib_v1_0_0_all_typeA__parameterized0_33
INFO: [VRFC 10-311] analyzing module ila_user_leds_ltlib_v1_0_0_all_typeA__parameterized0_36
INFO: [VRFC 10-311] analyzing module ila_user_leds_ltlib_v1_0_0_all_typeA__parameterized0_39
INFO: [VRFC 10-311] analyzing module ila_user_leds_ltlib_v1_0_0_all_typeA__parameterized0_42
INFO: [VRFC 10-311] analyzing module ila_user_leds_ltlib_v1_0_0_all_typeA__parameterized1
INFO: [VRFC 10-311] analyzing module ila_user_leds_ltlib_v1_0_0_all_typeA__parameterized1_70
INFO: [VRFC 10-311] analyzing module ila_user_leds_ltlib_v1_0_0_all_typeA__parameterized1_78
INFO: [VRFC 10-311] analyzing module ila_user_leds_ltlib_v1_0_0_all_typeA_slice
INFO: [VRFC 10-311] analyzing module ila_user_leds_ltlib_v1_0_0_all_typeA_slice__parameterized0
INFO: [VRFC 10-311] analyzing module ila_user_leds_ltlib_v1_0_0_all_typeA_slice__parameterized0_13
INFO: [VRFC 10-311] analyzing module ila_user_leds_ltlib_v1_0_0_all_typeA_slice__parameterized0_16
INFO: [VRFC 10-311] analyzing module ila_user_leds_ltlib_v1_0_0_all_typeA_slice__parameterized0_19
INFO: [VRFC 10-311] analyzing module ila_user_leds_ltlib_v1_0_0_all_typeA_slice__parameterized0_22
INFO: [VRFC 10-311] analyzing module ila_user_leds_ltlib_v1_0_0_all_typeA_slice__parameterized0_25
INFO: [VRFC 10-311] analyzing module ila_user_leds_ltlib_v1_0_0_all_typeA_slice__parameterized0_28
INFO: [VRFC 10-311] analyzing module ila_user_leds_ltlib_v1_0_0_all_typeA_slice__parameterized0_31
INFO: [VRFC 10-311] analyzing module ila_user_leds_ltlib_v1_0_0_all_typeA_slice__parameterized0_34
INFO: [VRFC 10-311] analyzing module ila_user_leds_ltlib_v1_0_0_all_typeA_slice__parameterized0_37
INFO: [VRFC 10-311] analyzing module ila_user_leds_ltlib_v1_0_0_all_typeA_slice__parameterized0_40
INFO: [VRFC 10-311] analyzing module ila_user_leds_ltlib_v1_0_0_all_typeA_slice__parameterized0_43
INFO: [VRFC 10-311] analyzing module ila_user_leds_ltlib_v1_0_0_all_typeA_slice__parameterized0_44
INFO: [VRFC 10-311] analyzing module ila_user_leds_ltlib_v1_0_0_all_typeA_slice__parameterized1
INFO: [VRFC 10-311] analyzing module ila_user_leds_ltlib_v1_0_0_all_typeA_slice__parameterized1_71
INFO: [VRFC 10-311] analyzing module ila_user_leds_ltlib_v1_0_0_all_typeA_slice__parameterized1_79
INFO: [VRFC 10-311] analyzing module ila_user_leds_ltlib_v1_0_0_all_typeA_slice__parameterized2
INFO: [VRFC 10-311] analyzing module ila_user_leds_ltlib_v1_0_0_all_typeA_slice__parameterized2_72
INFO: [VRFC 10-311] analyzing module ila_user_leds_ltlib_v1_0_0_all_typeA_slice__parameterized2_80
INFO: [VRFC 10-311] analyzing module ila_user_leds_ltlib_v1_0_0_allx_typeA
INFO: [VRFC 10-311] analyzing module ila_user_leds_ltlib_v1_0_0_allx_typeA__parameterized0
INFO: [VRFC 10-311] analyzing module ila_user_leds_ltlib_v1_0_0_allx_typeA__parameterized0_11
INFO: [VRFC 10-311] analyzing module ila_user_leds_ltlib_v1_0_0_allx_typeA__parameterized0_14
INFO: [VRFC 10-311] analyzing module ila_user_leds_ltlib_v1_0_0_allx_typeA__parameterized0_17
INFO: [VRFC 10-311] analyzing module ila_user_leds_ltlib_v1_0_0_allx_typeA__parameterized0_20
INFO: [VRFC 10-311] analyzing module ila_user_leds_ltlib_v1_0_0_allx_typeA__parameterized0_23
INFO: [VRFC 10-311] analyzing module ila_user_leds_ltlib_v1_0_0_allx_typeA__parameterized0_26
INFO: [VRFC 10-311] analyzing module ila_user_leds_ltlib_v1_0_0_allx_typeA__parameterized0_29
INFO: [VRFC 10-311] analyzing module ila_user_leds_ltlib_v1_0_0_allx_typeA__parameterized0_32
INFO: [VRFC 10-311] analyzing module ila_user_leds_ltlib_v1_0_0_allx_typeA__parameterized0_35
INFO: [VRFC 10-311] analyzing module ila_user_leds_ltlib_v1_0_0_allx_typeA__parameterized0_38
INFO: [VRFC 10-311] analyzing module ila_user_leds_ltlib_v1_0_0_allx_typeA__parameterized0_41
INFO: [VRFC 10-311] analyzing module ila_user_leds_ltlib_v1_0_0_allx_typeA_nodelay
INFO: [VRFC 10-311] analyzing module ila_user_leds_ltlib_v1_0_0_allx_typeA_nodelay_69
INFO: [VRFC 10-311] analyzing module ila_user_leds_ltlib_v1_0_0_allx_typeA_nodelay_77
INFO: [VRFC 10-311] analyzing module ila_user_leds_ltlib_v1_0_0_async_edge_xfer
INFO: [VRFC 10-311] analyzing module ila_user_leds_ltlib_v1_0_0_async_edge_xfer_45
INFO: [VRFC 10-311] analyzing module ila_user_leds_ltlib_v1_0_0_async_edge_xfer_46
INFO: [VRFC 10-311] analyzing module ila_user_leds_ltlib_v1_0_0_async_edge_xfer_47
INFO: [VRFC 10-311] analyzing module ila_user_leds_ltlib_v1_0_0_cfglut4
INFO: [VRFC 10-311] analyzing module ila_user_leds_ltlib_v1_0_0_cfglut4_73
INFO: [VRFC 10-311] analyzing module ila_user_leds_ltlib_v1_0_0_cfglut5
INFO: [VRFC 10-311] analyzing module ila_user_leds_ltlib_v1_0_0_cfglut5_67
INFO: [VRFC 10-311] analyzing module ila_user_leds_ltlib_v1_0_0_cfglut5_74
INFO: [VRFC 10-311] analyzing module ila_user_leds_ltlib_v1_0_0_cfglut6
INFO: [VRFC 10-311] analyzing module ila_user_leds_ltlib_v1_0_0_cfglut6_75
INFO: [VRFC 10-311] analyzing module ila_user_leds_ltlib_v1_0_0_cfglut6__parameterized0
INFO: [VRFC 10-311] analyzing module ila_user_leds_ltlib_v1_0_0_cfglut7
INFO: [VRFC 10-311] analyzing module ila_user_leds_ltlib_v1_0_0_cfglut7_66
INFO: [VRFC 10-311] analyzing module ila_user_leds_ltlib_v1_0_0_generic_memrd
INFO: [VRFC 10-311] analyzing module ila_user_leds_ltlib_v1_0_0_match
INFO: [VRFC 10-311] analyzing module ila_user_leds_ltlib_v1_0_0_match__parameterized0
INFO: [VRFC 10-311] analyzing module ila_user_leds_ltlib_v1_0_0_match__parameterized0_0
INFO: [VRFC 10-311] analyzing module ila_user_leds_ltlib_v1_0_0_match__parameterized0_1
INFO: [VRFC 10-311] analyzing module ila_user_leds_ltlib_v1_0_0_match__parameterized0_10
INFO: [VRFC 10-311] analyzing module ila_user_leds_ltlib_v1_0_0_match__parameterized0_2
INFO: [VRFC 10-311] analyzing module ila_user_leds_ltlib_v1_0_0_match__parameterized0_3
INFO: [VRFC 10-311] analyzing module ila_user_leds_ltlib_v1_0_0_match__parameterized0_4
INFO: [VRFC 10-311] analyzing module ila_user_leds_ltlib_v1_0_0_match__parameterized0_5
INFO: [VRFC 10-311] analyzing module ila_user_leds_ltlib_v1_0_0_match__parameterized0_6
INFO: [VRFC 10-311] analyzing module ila_user_leds_ltlib_v1_0_0_match__parameterized0_7
INFO: [VRFC 10-311] analyzing module ila_user_leds_ltlib_v1_0_0_match__parameterized0_8
INFO: [VRFC 10-311] analyzing module ila_user_leds_ltlib_v1_0_0_match__parameterized0_9
INFO: [VRFC 10-311] analyzing module ila_user_leds_ltlib_v1_0_0_match_nodelay
INFO: [VRFC 10-311] analyzing module ila_user_leds_ltlib_v1_0_0_match_nodelay_68
INFO: [VRFC 10-311] analyzing module ila_user_leds_ltlib_v1_0_0_match_nodelay_76
INFO: [VRFC 10-311] analyzing module ila_user_leds_ltlib_v1_0_0_rising_edge_detection
INFO: [VRFC 10-311] analyzing module ila_user_leds_ltlib_v1_0_0_rising_edge_detection_48
INFO: [VRFC 10-311] analyzing module ila_user_leds_xsdbs_v1_0_2_reg__parameterized33
INFO: [VRFC 10-311] analyzing module ila_user_leds_xsdbs_v1_0_2_reg__parameterized34
INFO: [VRFC 10-311] analyzing module ila_user_leds_xsdbs_v1_0_2_reg__parameterized35
INFO: [VRFC 10-311] analyzing module ila_user_leds_xsdbs_v1_0_2_reg__parameterized36
INFO: [VRFC 10-311] analyzing module ila_user_leds_xsdbs_v1_0_2_reg__parameterized48
INFO: [VRFC 10-311] analyzing module ila_user_leds_xsdbs_v1_0_2_reg__parameterized49
INFO: [VRFC 10-311] analyzing module ila_user_leds_xsdbs_v1_0_2_reg__parameterized50
INFO: [VRFC 10-311] analyzing module ila_user_leds_xsdbs_v1_0_2_reg__parameterized51
INFO: [VRFC 10-311] analyzing module ila_user_leds_xsdbs_v1_0_2_reg__parameterized52
INFO: [VRFC 10-311] analyzing module ila_user_leds_xsdbs_v1_0_2_reg__parameterized53
INFO: [VRFC 10-311] analyzing module ila_user_leds_xsdbs_v1_0_2_reg__parameterized54
INFO: [VRFC 10-311] analyzing module ila_user_leds_xsdbs_v1_0_2_reg__parameterized55
INFO: [VRFC 10-311] analyzing module ila_user_leds_xsdbs_v1_0_2_reg__parameterized56
INFO: [VRFC 10-311] analyzing module ila_user_leds_xsdbs_v1_0_2_reg__parameterized57
INFO: [VRFC 10-311] analyzing module ila_user_leds_xsdbs_v1_0_2_reg__parameterized58
INFO: [VRFC 10-311] analyzing module ila_user_leds_xsdbs_v1_0_2_reg__parameterized59
INFO: [VRFC 10-311] analyzing module ila_user_leds_xsdbs_v1_0_2_reg__parameterized61
INFO: [VRFC 10-311] analyzing module ila_user_leds_xsdbs_v1_0_2_reg__parameterized63
INFO: [VRFC 10-311] analyzing module ila_user_leds_xsdbs_v1_0_2_reg__parameterized66
INFO: [VRFC 10-311] analyzing module ila_user_leds_xsdbs_v1_0_2_reg_ctl
INFO: [VRFC 10-311] analyzing module ila_user_leds_xsdbs_v1_0_2_reg_ctl_52
INFO: [VRFC 10-311] analyzing module ila_user_leds_xsdbs_v1_0_2_reg_ctl_53
INFO: [VRFC 10-311] analyzing module ila_user_leds_xsdbs_v1_0_2_reg_ctl_54
INFO: [VRFC 10-311] analyzing module ila_user_leds_xsdbs_v1_0_2_reg_ctl_55
INFO: [VRFC 10-311] analyzing module ila_user_leds_xsdbs_v1_0_2_reg_ctl_58
INFO: [VRFC 10-311] analyzing module ila_user_leds_xsdbs_v1_0_2_reg_ctl_60
INFO: [VRFC 10-311] analyzing module ila_user_leds_xsdbs_v1_0_2_reg_ctl_61
INFO: [VRFC 10-311] analyzing module ila_user_leds_xsdbs_v1_0_2_reg_ctl_62
INFO: [VRFC 10-311] analyzing module ila_user_leds_xsdbs_v1_0_2_reg_ctl_63
INFO: [VRFC 10-311] analyzing module ila_user_leds_xsdbs_v1_0_2_reg_ctl_64
INFO: [VRFC 10-311] analyzing module ila_user_leds_xsdbs_v1_0_2_reg_ctl__parameterized0
INFO: [VRFC 10-311] analyzing module ila_user_leds_xsdbs_v1_0_2_reg_ctl__parameterized1
INFO: [VRFC 10-311] analyzing module ila_user_leds_xsdbs_v1_0_2_reg_ctl__parameterized1_56
INFO: [VRFC 10-311] analyzing module ila_user_leds_xsdbs_v1_0_2_reg_ctl__parameterized1_59
INFO: [VRFC 10-311] analyzing module ila_user_leds_xsdbs_v1_0_2_reg_p2s
INFO: [VRFC 10-311] analyzing module ila_user_leds_xsdbs_v1_0_2_reg_p2s__parameterized0
INFO: [VRFC 10-311] analyzing module ila_user_leds_xsdbs_v1_0_2_reg_p2s__parameterized1
INFO: [VRFC 10-311] analyzing module ila_user_leds_xsdbs_v1_0_2_reg_p2s__parameterized10
INFO: [VRFC 10-311] analyzing module ila_user_leds_xsdbs_v1_0_2_reg_p2s__parameterized11
INFO: [VRFC 10-311] analyzing module ila_user_leds_xsdbs_v1_0_2_reg_p2s__parameterized12
INFO: [VRFC 10-311] analyzing module ila_user_leds_xsdbs_v1_0_2_reg_p2s__parameterized2
INFO: [VRFC 10-311] analyzing module ila_user_leds_xsdbs_v1_0_2_reg_p2s__parameterized3
INFO: [VRFC 10-311] analyzing module ila_user_leds_xsdbs_v1_0_2_reg_p2s__parameterized4
INFO: [VRFC 10-311] analyzing module ila_user_leds_xsdbs_v1_0_2_reg_p2s__parameterized5
INFO: [VRFC 10-311] analyzing module ila_user_leds_xsdbs_v1_0_2_reg_p2s__parameterized6
INFO: [VRFC 10-311] analyzing module ila_user_leds_xsdbs_v1_0_2_reg_p2s__parameterized7
INFO: [VRFC 10-311] analyzing module ila_user_leds_xsdbs_v1_0_2_reg_p2s__parameterized8
INFO: [VRFC 10-311] analyzing module ila_user_leds_xsdbs_v1_0_2_reg_p2s__parameterized9
INFO: [VRFC 10-311] analyzing module ila_user_leds_xsdbs_v1_0_2_reg_stat
INFO: [VRFC 10-311] analyzing module ila_user_leds_xsdbs_v1_0_2_reg_stat_49
INFO: [VRFC 10-311] analyzing module ila_user_leds_xsdbs_v1_0_2_reg_stat_50
INFO: [VRFC 10-311] analyzing module ila_user_leds_xsdbs_v1_0_2_reg_stat_51
INFO: [VRFC 10-311] analyzing module ila_user_leds_xsdbs_v1_0_2_reg_stat_57
INFO: [VRFC 10-311] analyzing module ila_user_leds_xsdbs_v1_0_2_reg_stat_65
INFO: [VRFC 10-311] analyzing module ila_user_leds_xsdbs_v1_0_2_reg_stream
INFO: [VRFC 10-311] analyzing module ila_user_leds_xsdbs_v1_0_2_reg_stream__parameterized0
INFO: [VRFC 10-311] analyzing module ila_user_leds_xsdbs_v1_0_2_xsdbs
INFO: [VRFC 10-311] analyzing module vio_user_encoder_vio_v3_0_22_decoder
INFO: [VRFC 10-311] analyzing module vio_user_encoder_vio_v3_0_22_probe_in_one
INFO: [VRFC 10-311] analyzing module vio_user_encoder_vio_v3_0_22_vio
INFO: [VRFC 10-311] analyzing module vio_user_encoder_xsdbs_v1_0_2_xsdbs
INFO: [VRFC 10-311] analyzing module vio_user_leds_vio_v3_0_22_decoder
INFO: [VRFC 10-311] analyzing module vio_user_leds_vio_v3_0_22_probe_out_all
INFO: [VRFC 10-311] analyzing module vio_user_leds_vio_v3_0_22_probe_out_one
INFO: [VRFC 10-311] analyzing module vio_user_leds_vio_v3_0_22_probe_out_one__parameterized0
INFO: [VRFC 10-311] analyzing module vio_user_leds_vio_v3_0_22_probe_out_one__parameterized1
INFO: [VRFC 10-311] analyzing module vio_user_leds_vio_v3_0_22_probe_out_one__parameterized1_0
INFO: [VRFC 10-311] analyzing module vio_user_leds_vio_v3_0_22_probe_out_one__parameterized2
INFO: [VRFC 10-311] analyzing module vio_user_leds_vio_v3_0_22_probe_out_one__parameterized2_1
INFO: [VRFC 10-311] analyzing module vio_user_leds_vio_v3_0_22_probe_out_one__parameterized2_2
INFO: [VRFC 10-311] analyzing module vio_user_leds_vio_v3_0_22_probe_width
INFO: [VRFC 10-311] analyzing module vio_user_leds_vio_v3_0_22_vio
INFO: [VRFC 10-311] analyzing module vio_user_leds_xsdbs_v1_0_2_xsdbs
INFO: [VRFC 10-311] analyzing module ila_user_encoder_blk_mem_gen_v8_4_5
INFO: [VRFC 10-311] analyzing module ila_user_encoder_blk_mem_gen_v8_4_5_blk_mem_gen_generic_cstr
INFO: [VRFC 10-311] analyzing module ila_user_encoder_blk_mem_gen_v8_4_5_blk_mem_gen_prim_width
INFO: [VRFC 10-311] analyzing module ila_user_encoder_blk_mem_gen_v8_4_5_blk_mem_gen_prim_width__parameterized0
INFO: [VRFC 10-311] analyzing module ila_user_encoder_blk_mem_gen_v8_4_5_blk_mem_gen_prim_width__parameterized1
INFO: [VRFC 10-311] analyzing module ila_user_encoder_blk_mem_gen_v8_4_5_blk_mem_gen_prim_width__parameterized2
INFO: [VRFC 10-311] analyzing module ila_user_encoder_blk_mem_gen_v8_4_5_blk_mem_gen_prim_width__parameterized3
INFO: [VRFC 10-311] analyzing module ila_user_encoder_blk_mem_gen_v8_4_5_blk_mem_gen_prim_wrapper
INFO: [VRFC 10-311] analyzing module ila_user_encoder_blk_mem_gen_v8_4_5_blk_mem_gen_prim_wrapper__parameterized0
INFO: [VRFC 10-311] analyzing module ila_user_encoder_blk_mem_gen_v8_4_5_blk_mem_gen_prim_wrapper__parameterized1
INFO: [VRFC 10-311] analyzing module ila_user_encoder_blk_mem_gen_v8_4_5_blk_mem_gen_prim_wrapper__parameterized2
INFO: [VRFC 10-311] analyzing module ila_user_encoder_blk_mem_gen_v8_4_5_blk_mem_gen_prim_wrapper__parameterized3
INFO: [VRFC 10-311] analyzing module ila_user_encoder_blk_mem_gen_v8_4_5_blk_mem_gen_top
INFO: [VRFC 10-311] analyzing module ila_user_encoder_blk_mem_gen_v8_4_5_synth
INFO: [VRFC 10-311] analyzing module ila_user_leds_blk_mem_gen_v8_4_5
INFO: [VRFC 10-311] analyzing module ila_user_leds_blk_mem_gen_v8_4_5_blk_mem_gen_generic_cstr
INFO: [VRFC 10-311] analyzing module ila_user_leds_blk_mem_gen_v8_4_5_blk_mem_gen_prim_width
INFO: [VRFC 10-311] analyzing module ila_user_leds_blk_mem_gen_v8_4_5_blk_mem_gen_prim_width__parameterized0
INFO: [VRFC 10-311] analyzing module ila_user_leds_blk_mem_gen_v8_4_5_blk_mem_gen_prim_wrapper
INFO: [VRFC 10-311] analyzing module ila_user_leds_blk_mem_gen_v8_4_5_blk_mem_gen_prim_wrapper__parameterized0
INFO: [VRFC 10-311] analyzing module ila_user_leds_blk_mem_gen_v8_4_5_blk_mem_gen_top
INFO: [VRFC 10-311] analyzing module ila_user_leds_blk_mem_gen_v8_4_5_synth
INFO: [VRFC 10-311] analyzing module glbl
INFO: [VRFC 10-2263] Analyzing Verilog file "C:/Users/vele/Desktop/Workspace/Project_FPGA/unicorn_jig/sim/top_tb.v" into library xil_defaultlib
INFO: [VRFC 10-311] analyzing module top_tb
